<?xml version="1.0" encoding="UTF-8"?>
<testng-results ignored="0" total="2" passed="2" failed="0" skipped="0">
  <reporter-output>
  </reporter-output>
  <suite started-at="2024-01-10T13:11:53 IST" name="Default suite" finished-at="2024-01-10T13:13:11 IST" duration-ms="77898">
    <groups>
    </groups>
    <test started-at="2024-01-10T13:11:53 IST" name="Default test" finished-at="2024-01-10T13:13:11 IST" duration-ms="77898">
      <class name="TestPages.LoginpageTest">
        <test-method is-config="true" signature="InitalizeExtentReport()[pri:0, instance:TestPages.LoginpageTest@33065d67]" started-at="2024-01-10T13:11:52 IST" name="InitalizeExtentReport" finished-at="2024-01-10T13:11:53 IST" duration-ms="1140" status="PASS">
          <reporter-output>
          </reporter-output>
        </test-method> <!-- InitalizeExtentReport -->
        <test-method is-config="true" signature="getnameMethod(org.testng.ITestContext)[pri:0, instance:TestPages.LoginpageTest@33065d67]" started-at="2024-01-10T13:11:53 IST" name="getnameMethod" finished-at="2024-01-10T13:11:53 IST" duration-ms="12" status="PASS">
          <params>
            <param index="0">
              <value>
                <![CDATA[org.testng.TestRunner@51f95f0d]]>
              </value>
            </param>
          </params>
          <reporter-output>
          </reporter-output>
        </test-method> <!-- getnameMethod -->
        <test-method is-config="true" signature="openApplication()[pri:0, instance:TestPages.LoginpageTest@33065d67]" started-at="2024-01-10T13:11:57 IST" name="openApplication" finished-at="2024-01-10T13:12:51 IST" duration-ms="53794" status="PASS">
          <reporter-output>
          </reporter-output>
        </test-method> <!-- openApplication -->
        <test-method signature="LoginUser(java.lang.String,java.lang.String)[pri:49, instance:TestPages.LoginpageTest@33065d67]" started-at="2024-01-10T13:12:51 IST" name="LoginUser" data-provider="testdata" finished-at="2024-01-10T13:12:55 IST" duration-ms="3677" status="PASS">
          <params>
            <param index="0">
              <value>
                <![CDATA[Itest@test.com]]>
              </value>
            </param>
            <param index="1">
              <value>
                <![CDATA[Itest@test]]>
              </value>
            </param>
          </params>
          <reporter-output>
          </reporter-output>
        </test-method> <!-- LoginUser -->
        <test-method is-config="true" signature="generateTestStatus(java.lang.reflect.Method,org.testng.ITestResult)[pri:0, instance:TestPages.LoginpageTest@33065d67]" started-at="2024-01-10T13:12:55 IST" name="generateTestStatus" finished-at="2024-01-10T13:12:55 IST" duration-ms="15" status="PASS">
          <params>
            <param index="0">
              <value>
                <![CDATA[public void TestPages.LoginpageTest.LoginUser(java.lang.String,java.lang.String)]]>
              </value>
            </param>
            <param index="1">
              <value>
                <![CDATA[[TestResult name=LoginUser status=SUCCESS method=LoginpageTest.LoginUser(java.lang.String,java.lang.String)[pri:49, instance:TestPages.LoginpageTest@33065d67] output={null}]]]>
              </value>
            </param>
          </params>
          <reporter-output>
          </reporter-output>
        </test-method> <!-- generateTestStatus -->
        <test-method is-config="true" signature="openApplication()[pri:0, instance:TestPages.LoginpageTest@33065d67]" started-at="2024-01-10T13:12:55 IST" name="openApplication" finished-at="2024-01-10T13:13:09 IST" duration-ms="14723" status="PASS">
          <reporter-output>
          </reporter-output>
        </test-method> <!-- openApplication -->
        <test-method signature="LoginUser(java.lang.String,java.lang.String)[pri:49, instance:TestPages.LoginpageTest@33065d67]" started-at="2024-01-10T13:13:09 IST" name="LoginUser" data-provider="testdata" finished-at="2024-01-10T13:13:11 IST" duration-ms="1917" status="PASS">
          <params>
            <param index="0">
              <value>
                <![CDATA[demo1@gmail1.com]]>
              </value>
            </param>
            <param index="1">
              <value>
                <![CDATA[123456.0]]>
              </value>
            </param>
          </params>
          <reporter-output>
          </reporter-output>
        </test-method> <!-- LoginUser -->
        <test-method is-config="true" signature="generateTestStatus(java.lang.reflect.Method,org.testng.ITestResult)[pri:0, instance:TestPages.LoginpageTest@33065d67]" started-at="2024-01-10T13:13:11 IST" name="generateTestStatus" finished-at="2024-01-10T13:13:11 IST" duration-ms="0" status="PASS">
          <params>
            <param index="0">
              <value>
                <![CDATA[public void TestPages.LoginpageTest.LoginUser(java.lang.String,java.lang.String)]]>
              </value>
            </param>
            <param index="1">
              <value>
                <![CDATA[[TestResult name=LoginUser status=SUCCESS method=LoginpageTest.LoginUser(java.lang.String,java.lang.String)[pri:49, instance:TestPages.LoginpageTest@33065d67] output={null}]]]>
              </value>
            </param>
          </params>
          <reporter-output>
          </reporter-output>
        </test-method> <!-- generateTestStatus -->
        <test-method is-config="true" signature="generateReports()[pri:0, instance:TestPages.LoginpageTest@33065d67]" started-at="2024-01-10T13:13:12 IST" name="generateReports" finished-at="2024-01-10T13:13:22 IST" duration-ms="10395" status="PASS">
          <reporter-output>
          </reporter-output>
        </test-method> <!-- generateReports -->
      </class> <!-- TestPages.LoginpageTest -->
    </test> <!-- Default test -->
  </suite> <!-- Default suite -->
</testng-results>
